[debug] [2017-12-10T18:56:12.358Z] ----------------------------------------------------------------------
[debug] [2017-12-10T18:56:12.361Z] Command:       /Users/samgregory/.nvm/versions/node/v8.2.1/bin/node /Users/samgregory/.nvm/versions/node/v8.2.1/bin/firebase deploy --only functions
[debug] [2017-12-10T18:56:12.361Z] CLI Version:   3.15.2
[debug] [2017-12-10T18:56:12.361Z] Platform:      darwin
[debug] [2017-12-10T18:56:12.361Z] Node Version:  v8.2.1
[debug] [2017-12-10T18:56:12.362Z] Time:          Sun Dec 10 2017 18:56:12 GMT+0000 (GMT)
[debug] [2017-12-10T18:56:12.362Z] ----------------------------------------------------------------------
[debug] 
[debug] [2017-12-10T18:56:12.376Z] > command requires scopes: ["email","openid","https://www.googleapis.com/auth/cloudplatformprojects.readonly","https://www.googleapis.com/auth/firebase","https://www.googleapis.com/auth/cloud-platform"]
[debug] [2017-12-10T18:56:12.376Z] > authorizing via signed-in user
[debug] [2017-12-10T18:56:12.378Z] >>> HTTP REQUEST GET https://admin.firebase.com/v1/projects/jupiterandthegiraffe-1662d  
 Sun Dec 10 2017 18:56:12 GMT+0000 (GMT)
[debug] [2017-12-10T18:56:13.621Z] <<< HTTP RESPONSE 200
[debug] [2017-12-10T18:56:13.622Z] >>> HTTP REQUEST GET https://admin.firebase.com/v1/database/jupiterandthegiraffe-1662d/tokens  
 Sun Dec 10 2017 18:56:13 GMT+0000 (GMT)
[debug] [2017-12-10T18:56:14.649Z] <<< HTTP RESPONSE 200
[info] 
[info] === Deploying to 'jupiterandthegiraffe-1662d'...
[info] 
[info] i  deploying functions
[debug] [2017-12-10T18:56:16.167Z] > [functions] package.json contents: {
  "name": "functions",
  "description": "Cloud Functions for Firebase",
  "dependencies": {
    "firebase-admin": "~5.4.0",
    "firebase-functions": "^0.7.0",
    "nodemailer": "^4.3.1"
  },
  "private": true
}
[info] i  functions: ensuring necessary APIs are enabled...
[info] i  runtimeconfig: ensuring necessary APIs are enabled...
[debug] [2017-12-10T18:56:16.168Z] >>> HTTP REQUEST GET https://servicemanagement.googleapis.com/v1/services/cloudfunctions.googleapis.com/projectSettings/jupiterandthegiraffe-1662d?view=CONSUMER_VIEW  
 Sun Dec 10 2017 18:56:16 GMT+0000 (GMT)
[debug] [2017-12-10T18:56:16.169Z] >>> HTTP REQUEST GET https://servicemanagement.googleapis.com/v1/services/runtimeconfig.googleapis.com/projectSettings/jupiterandthegiraffe-1662d?view=CONSUMER_VIEW  
 Sun Dec 10 2017 18:56:16 GMT+0000 (GMT)
[debug] [2017-12-10T18:56:17.621Z] <<< HTTP RESPONSE 200
[info] ✔  runtimeconfig: all necessary APIs are enabled
[debug] [2017-12-10T18:56:17.892Z] <<< HTTP RESPONSE 200
[info] ✔  functions: all necessary APIs are enabled
[debug] [2017-12-10T18:56:17.893Z] >>> HTTP REQUEST GET https://appengine.googleapis.com/v1/apps/jupiterandthegiraffe-1662d  
 Sun Dec 10 2017 18:56:17 GMT+0000 (GMT)
[debug] [2017-12-10T18:56:17.894Z] >>> HTTP REQUEST GET https://apikeys.googleapis.com/v1/projects/jupiterandthegiraffe-1662d/apiKeys  
 Sun Dec 10 2017 18:56:17 GMT+0000 (GMT)
[debug] [2017-12-10T18:56:19.268Z] <<< HTTP RESPONSE 200
[debug] [2017-12-10T18:56:19.303Z] <<< HTTP RESPONSE 200
[info] i  functions: preparing functions directory for uploading...
[debug] [2017-12-10T18:56:41.161Z] >>> HTTP REQUEST GET https://runtimeconfig.googleapis.com/v1beta1/projects/jupiterandthegiraffe-1662d/configs  
 Sun Dec 10 2017 18:56:41 GMT+0000 (GMT)
[debug] [2017-12-10T18:56:42.711Z] <<< HTTP RESPONSE 200
[debug] [2017-12-10T18:56:42.716Z] >>> HTTP REQUEST GET https://runtimeconfig.googleapis.com/v1beta1/projects/jupiterandthegiraffe-1662d/configs/gmail/variables  
 Sun Dec 10 2017 18:56:42 GMT+0000 (GMT)
[debug] [2017-12-10T18:56:43.889Z] <<< HTTP RESPONSE 200
[debug] [2017-12-10T18:56:43.891Z] >>> HTTP REQUEST GET https://runtimeconfig.googleapis.com/v1beta1/projects/jupiterandthegiraffe-1662d/configs/gmail/variables/password  
 Sun Dec 10 2017 18:56:43 GMT+0000 (GMT)
[debug] [2017-12-10T18:56:43.891Z] >>> HTTP REQUEST GET https://runtimeconfig.googleapis.com/v1beta1/projects/jupiterandthegiraffe-1662d/configs/gmail/variables/email  
 Sun Dec 10 2017 18:56:43 GMT+0000 (GMT)
[debug] [2017-12-10T18:56:45.180Z] <<< HTTP RESPONSE 200
[debug] [2017-12-10T18:56:45.208Z] <<< HTTP RESPONSE 200
[info] i  functions: packaged functions (61.51 KB) for uploading
[debug] [2017-12-10T18:56:53.500Z] >>> HTTP REQUEST GET https://www.googleapis.com/storage/v1/b/staging.jupiterandthegiraffe-1662d.appspot.com  
 Sun Dec 10 2017 18:56:53 GMT+0000 (GMT)
[debug] [2017-12-10T18:56:54.235Z] <<< HTTP RESPONSE 200
[debug] [2017-12-10T18:56:54.236Z] >>> HTTP REQUEST POST https://www.googleapis.com/upload/storage/v1/b/staging.jupiterandthegiraffe-1662d.appspot.com/o?uploadType=media&name=firebase-functions-source ReadStream {
  _readableState: 
   ReadableState {
     objectMode: false,
     highWaterMark: 65536,
     buffer: BufferList { head: [Object], tail: [Object], length: 1 },
     length: 62983,
     pipes: null,
     pipesCount: 0,
     flowing: null,
     ended: true,
     endEmitted: false,
     reading: false,
     sync: false,
     needReadable: false,
     emittedReadable: true,
     readableListening: false,
     resumeScheduled: false,
     destroyed: false,
     defaultEncoding: 'utf8',
     awaitDrain: 0,
     readingMore: false,
     decoder: null,
     encoding: null },
  readable: true,
  domain: null,
  _events: { end: [Function] },
  _eventsCount: 1,
  _maxListeners: undefined,
  path: '/var/folders/ww/pfrs4gtn3p549jl3s0smcb9w0000gn/T/firebase-functions-36844IbYBx2K6AIX4.zip',
  fd: 19,
  flags: 'r',
  mode: 438,
  start: undefined,
  end: undefined,
  autoClose: true,
  pos: undefined,
  bytesRead: 62983 } 
 Sun Dec 10 2017 18:56:54 GMT+0000 (GMT)
